0 info it worked if it ends with ok
1 verbose cli [ '/Users/witty123/.nvm/versions/node/v7.6.0/bin/node',
1 verbose cli   '/Users/witty123/.nvm/versions/node/v7.6.0/bin/npm',
1 verbose cli   'run',
1 verbose cli   'start' ]
2 info using npm@4.1.2
3 info using node@v7.6.0
4 verbose run-script [ 'prestart', 'start', 'poststart' ]
5 info lifecycle motley@1.0.0~prestart: motley@1.0.0
6 silly lifecycle motley@1.0.0~prestart: no script for prestart, continuing
7 info lifecycle motley@1.0.0~start: motley@1.0.0
8 verbose lifecycle motley@1.0.0~start: unsafe-perm in lifecycle true
9 verbose lifecycle motley@1.0.0~start: PATH: /Users/witty123/.nvm/versions/node/v7.6.0/lib/node_modules/npm/bin/node-gyp-bin:/Users/witty123/Documents/Github/motley/node_modules/.bin:/Users/witty123/.nvm/versions/node/v7.6.0/bin:/Users/witty123/bin:/usr/local/bin:/usr/local/bin:/usr/bin:/bin:/usr/sbin:/sbin
10 verbose lifecycle motley@1.0.0~start: CWD: /Users/witty123/Documents/Github/motley
11 silly lifecycle motley@1.0.0~start: Args: [ '-c', 'grunt server' ]
12 silly lifecycle motley@1.0.0~start: Returned: code: 6  signal: null
13 info lifecycle motley@1.0.0~start: Failed to exec start script
14 verbose stack Error: motley@1.0.0 start: `grunt server`
14 verbose stack Exit status 6
14 verbose stack     at EventEmitter.<anonymous> (/Users/witty123/.nvm/versions/node/v7.6.0/lib/node_modules/npm/lib/utils/lifecycle.js:279:16)
14 verbose stack     at emitTwo (events.js:106:13)
14 verbose stack     at EventEmitter.emit (events.js:192:7)
14 verbose stack     at ChildProcess.<anonymous> (/Users/witty123/.nvm/versions/node/v7.6.0/lib/node_modules/npm/lib/utils/spawn.js:40:14)
14 verbose stack     at emitTwo (events.js:106:13)
14 verbose stack     at ChildProcess.emit (events.js:192:7)
14 verbose stack     at maybeClose (internal/child_process.js:890:16)
14 verbose stack     at Process.ChildProcess._handle.onexit (internal/child_process.js:226:5)
15 verbose pkgid motley@1.0.0
16 verbose cwd /Users/witty123/Documents/Github/motley
17 error Darwin 17.5.0
18 error argv "/Users/witty123/.nvm/versions/node/v7.6.0/bin/node" "/Users/witty123/.nvm/versions/node/v7.6.0/bin/npm" "run" "start"
19 error node v7.6.0
20 error npm  v4.1.2
21 error code ELIFECYCLE
22 error motley@1.0.0 start: `grunt server`
22 error Exit status 6
23 error Failed at the motley@1.0.0 start script 'grunt server'.
23 error Make sure you have the latest version of node.js and npm installed.
23 error If you do, this is most likely a problem with the motley package,
23 error not with npm itself.
23 error Tell the author that this fails on your system:
23 error     grunt server
23 error You can get information on how to open an issue for this project with:
23 error     npm bugs motley
23 error Or if that isn't available, you can get their info via:
23 error     npm owner ls motley
23 error There is likely additional logging output above.
24 verbose exit [ 1, true ]
